<?xml version="1.0" encoding="UTF-8"?>
<!-- Generated by org.testng.reporters.JUnitReportReporter -->
<testsuite hostname="DESKTOP-JVC6V4A" failures="0" tests="2" name="qaclickacademy.Mavenjava.RestAPITest" time="0.019" errors="0" timestamp="2020-08-27T12:12:33 EDT" skipped="0">
  <testcase classname="qaclickacademy.Mavenjava.RestAPITest" name="postJira" time="0.004"/>
  <system-out/>
  <testcase classname="qaclickacademy.Mavenjava.RestAPITest" name="deleteTwiter" time="0.015"/>
  <system-out/>
</testsuite> <!-- qaclickacademy.Mavenjava.RestAPITest -->
