<?xml version="1.0" encoding="UTF-8"?>
<!-- Generated by org.testng.reporters.JUnitReportReporter -->
<testsuite hostname="DESKTOP-JVC6V4A" failures="0" tests="2" name="qaclickacademy.Mavenjava.RestAPITest" time="0.010" errors="0" timestamp="2020-07-30T02:21:27 EDT" skipped="0">
  <testcase classname="qaclickacademy.Mavenjava.RestAPITest" name="deleteTwiter" time="0.009"/>
  <system-out/>
  <testcase classname="qaclickacademy.Mavenjava.RestAPITest" name="postJira" time="0.001"/>
  <system-out/>
</testsuite> <!-- qaclickacademy.Mavenjava.RestAPITest -->
