<?xml version="1.0" encoding="UTF-8"?>
<!-- Generated by org.testng.reporters.JUnitReportReporter -->
<testsuite hostname="DESKTOP-JVC6V4A" failures="0" tests="2" name="qaclickacademy.Mavenjava.AppiumTest" time="0.003" errors="0" timestamp="2020-07-30T02:20:49 EDT" skipped="0">
  <testcase classname="qaclickacademy.Mavenjava.AppiumTest" name="NativAppAndroid" time="0.002"/>
  <system-out/>
  <testcase classname="qaclickacademy.Mavenjava.AppiumTest" name="IOSApp" time="0.001"/>
  <system-out/>
</testsuite> <!-- qaclickacademy.Mavenjava.AppiumTest -->
